make.exe all --print-data-base --no-builtin-variables --no-builtin-rules --question
# GNU Make 3.81
# Copyright (C) 2006  Free Software Foundation, Inc.
# This is free software; see the source for copying conditions.
# There is NO warranty; not even for MERCHANTABILITY or FITNESS FOR A
# PARTICULAR PURPOSE.

# This program built for i386-pc-mingw32
 

# Make data base, printed on Thu Aug 25 23:47:33 2022

# Variables

# environment
POWERSHELL_DISTRIBUTION_CHANNEL = MSI:Windows 10 Pro
# automatic
?F = $(notdir $?)
# automatic
<D = $(patsubst %/,%,$(dir $<))
# environment
ANDROID_NDK_ROOT = D:\Program Files\android_sdk\ndk\25.0.8775105
# makefile
MAKEFLAGS = Rrqp
# automatic
?D = $(patsubst %/,%,$(dir $?))
# automatic
@D = $(patsubst %/,%,$(dir $@))
# environment
HOMEDRIVE = C:
# automatic
@F = $(notdir $@)
# automatic
^D = $(patsubst %/,%,$(dir $^))
# ma 
kefile
CURDIR := d:/Code/Rust/AzphOS
# default
SHELL := sh.exe
# environment
WINDIR = C:\WINDOWS
# environment
VSCODE_NLS_CONFIG = {"locale":"en-gb","availableLanguages":{},"_languagePackSupport":true}
# environment
ONEDRIVE = C:\Users\adamc\OneDrive
# environment
PATHEXT = .COM;.EXE;.BAT;.CMD;.VBS;.VBE;.JS;.JSE;.WSF;.WSH;.MSC
# makefile (from `makefile', line 1)
MAKEFILE_LIST :=  makefile
# environment
TMP = C:\Users\adamc\AppData\Local\Temp
# environment
PROGRAMW6432 = C:\Program Files
# environment
PROGRAMDATA = C:\ProgramData
# environment
VSCODE_CWD = C:\Users\adamc\AppData\Local\Programs\Microsoft VS Code
# environment
PATH = C:\WINDOWS\system32;C:\WINDOWS;C:\WINDOWS\System32\Wbem;C:\WINDOWS\System32\WindowsPowerShell\v1.0\;C:\WINDOWS\System32\OpenSSH\;C:\Program Files (x86)\NVIDIA Corporation\PhysX\Common;C:\Program Files\dotnet\;C:\Program Files\NVIDIA Corporation\NVIDIA NvDLISR;C:\Program Files\Git\cmd;C:\Users\adamc\AppData\Local\Programs\Python\Python310\Lib\site-packages\ziglang;D:\Program Files\android_sdk\cmdline-tools\latest\bin;C:\Program Files\Android\Android Studio\jre\bin;D:\Program Files\android_sdk\platform-tools;C:\Program Files\LLVM\bin;C:\Program Files\PowerShell\7\;C:\Users\adamc\AppData\Local\Programs\Python\Python310\Scripts\;C:\Users\adamc\AppData\Local\Programs\Python\Python310\;C:\Users\adamc\.cargo\bin;C:\Users\adamc\AppData\Local\Microsoft\WindowsApps;C:\Users\adamc\AppData\Local\Programs\Microsoft VS Code\bin;C:\Program Files (x86)\Vim\vim90\vim.exe;C:\Program Files (x86)\GnuWin 
32\bin;C:\Program Files\Microsoft Visual Studio\2022\Community\VC\Tools\MSVC\14.32.31326\bin\Hostx64\x64;C:\Program Files\NASM\;C:\Program Files\qemu;
# environment
COMMONPROGRAMW6432 = C:\Program Files\Common Files
# environment
PROCESSOR_ARCHITECTURE = x86
# environment
USERPROFILE = C:\Users\adamc
# environment
ALLUSERSPROFILE = C:\ProgramData
# environment
NUMBER_OF_PROCESSORS = 8
# environment
ELECTRON_RUN_AS_NODE = 1
# default
.FEATURES := target-specific order-only second-expansion else-if archives
# automatic
%F = $(notdir $%)
# environment
CHROME_CRASHPAD_PIPE_NAME = \\.\pipe\crashpad_19704_SCFFNIKFHSKQKNUT
# environment
COMPUTERNAME = ADAMPC
# environment
PROGRAMFILES = C:\Program Files (x86)
# environment
DRIVERDATA = C:\Windows\System32\Drivers\DriverData
# environment
ORIGINAL_XDG_CURRENT_DESKTOP = undefined
# environment
USERNAME = adamc
# environment
PUBLIC = C:\Users\Public
# environment
VSCODE_AMD_ENTRYPOINT = vs/workbench/api/node/extensionHostProcess
# environment
VSCODE_CODE_CACHE_PATH = C 
:\Users\adamc\AppData\Roaming\Code\CachedData\e4503b30fc78200f846c62cf8091b76ff5547662
# environment
APPLICATION_INSIGHTS_NO_DIAGNOSTIC_CHANNEL = true
# environment
COMMONPROGRAMFILES = C:\Program Files (x86)\Common Files
# environment
LOGONSERVER = \\ADAMPC
# environment
ONEDRIVECONSUMER = C:\Users\adamc\OneDrive
# environment
VSCODE_HANDLES_UNCAUGHT_ERRORS = true
# environment
USERDOMAIN = ADAMPC
# default
MAKE = $(MAKE_COMMAND)
# default
MAKECMDGOALS := all
# default
MAKE_VERSION := 3.81
# makefile
.DEFA 
ULT_GOAL := default
# environment
PROGRAMFILES(X86) = C:\Program Files (x86)
# automatic
%D = $(patsubst %/,%,$(dir $%))
# environment
LOCALAPPDATA = C:\Users\adamc\AppData\Local
# environment
PSMODULEPATH = C:\Program Files\WindowsPowerShell\Modules;C:\WINDOWS\system32\WindowsPowerShell\v1.0\Modules
# default
MAKE_COMMAND := make.exe
# environment
PROCESSOR_ARCHITEW6432 = AMD64
# default
.VARIABLES := 
# automatic
*F = $(notdir $*)
# environment
PROCESSOR_IDENTIFIER = Intel64 Family 6 Model 158 Stepping 9, 
 GenuineIntel
# environment
OS = Windows_NT
# environment
VSCODE_IPC_HOOK = \\.\pipe\a08178bd070c72d70ed27a9cf962f16a-1.70.2-main-sock
# environment
HOMEPATH = \Users\adamc
# environment
COMMONPROGRAMFILES(X86) = C:\Program Files (x86)\Common Files
# environment
PROMPT = $P$G
# environment
MFLAGS = -Rrqp
# automatic
*D = $(patsubst %/,%,$(dir $*))
# environment
SYSTEMROOT = C:\WINDOWS
# automatic
+D = $(patsubst %/,%,$(dir $+))
# automatic
+F = $(notdir $+)
# environment
APPDATA = C:\Users\adamc\AppData\Roa 
ming
# environment
TEMP = C:\Users\adamc\AppData\Local\Temp
# environment
COMSPEC = C:\WINDOWS\system32\cmd.exe
# default
MAKEFILES := 
# automatic
<F = $(notdir $<)
# environment
ANDROID_SDK_ROOT = D:\Program Files\android_sdk
# environment
LC_ALL = C
# automatic
^F = $(notdir $^)
# default
SUFFIXES := 
# environment
SYSTEMDRIVE = C:
# environment
SESSIONNAME = Console
# environment
PROCESSOR_REVISION = 9e09
# environment
MAKELEVEL := 0
# environment
LANG = C
# environment
PROCESSOR_LEVEL = 6
# environment 

VSCODE_PID = 19704
# environment
USERDOMAIN_ROAMINGPROFILE = ADAMPC
# variable set hash-table stats:
# Load=85/1024=8%, Rehash=0, Collisions=10/105=10%

# Pattern-specific Variable Values

# No pattern-specific variable values.

# Directories

# C:\Users\adamc\AppData\Local\Programs\Microsoft VS Code\bin (key C:/Users/adamc/AppData/Local/Programs/Microsoft VS Code/bin, mtime 1660761838): 4 files, no impossibilities.
# C:\Program Files (x86)\Vim\vim90\vim.exe (key C:/Program Files (x86)/Vim/vim90/vim.exe, m 
time 1656421876): could not be opened.
# C:\Program Files\LLVM\bin (key C:/Program Files/LLVM/bin, mtime 1661108188): 118 files, no impossibilities.
# C:\Program Files\qemu (key C:/Program Files/qemu, mtime 1661108307): 100 files, no impossibilities.
# C:\WINDOWS\System32\WindowsPowerShell\v1.0\ (key C:/WINDOWS/System32/WindowsPowerShell/v1.0/, mtime 1658742329): 32 files, no impossibilities.
# C:\WINDOWS\System32\Wbem (key C:/WINDOWS/System32/Wbem, mtime 1660174404): 172 files, no impossibilities.
# . (key 
 d:/Code/Rust/AzphOS, mtime 1661112397): 13 files, no impossibilities.
# C:\Program Files (x86)\NVIDIA Corporation\PhysX\Common (key C:/Program Files (x86)/NVIDIA Corporation/PhysX/Common, mtime 1657044227): 10 files, no impossibilities.
# C:\Users\adamc\.cargo\bin (key C:/Users/adamc/.cargo/bin, mtime 1660423521): 21 files, no impossibilities.
# C:\Program Files\dotnet\ (key C:/Program Files/dotnet/, mtime 1660080162): 8 files, no impossibilities.
# D:\Program Files\android_sdk\cmdline-tools\latest\bin: co 
uld not be stat'd.
# C:\Users\adamc\AppData\Local\Programs\Python\Python310\Lib\site-packages\ziglang (key C:/Users/adamc/AppData/Local/Programs/Python/Python310/Lib/site-packages/ziglang, mtime 1658823907): 9 files, no impossibilities.
# C:\Users\adamc\AppData\Local\Microsoft\WindowsApps (key C:/Users/adamc/AppData/Local/Microsoft/WindowsApps, mtime 1660953665): 19 files, no impossibilities.
# C:\Program Files\PowerShell\7\ (key C:/Program Files/PowerShell/7/, mtime 1661196759): 478 files, no impossibiliti 
es.
# C:\Program Files\NASM\ (key C:/Program Files/NASM/, mtime 1661108122): 18 files, no impossibilities.
# C:\WINDOWS\System32\OpenSSH\: could not be stat'd.
# C:\WINDOWS (key C:/WINDOWS, mtime 1660174403): 115 files, no impossibilities.
# C:\Program Files\Microsoft Visual Studio\2022\Community\VC\Tools\MSVC\14.32.31326\bin\Hostx64\x64 (key C:/Program Files/Microsoft Visual Studio/2022/Community/VC/Tools/MSVC/14.32.31326/bin/Hostx64/x64, mtime 1658739804): 66 files, no impossibilities.
# D:\Program Files\ 
android_sdk\platform-tools: could not be stat'd.
# C:\Program Files\Android\Android Studio\jre\bin (key C:/Program Files/Android/Android Studio/jre/bin, mtime 1659909853): 73 files, no impossibilities.
# C:\Program Files\Git\cmd (key C:/Program Files/Git/cmd, mtime 1658504895): 8 files, no impossibilities.
# C:\WINDOWS\system32 (key C:/WINDOWS/system32, mtime 1661358687): 3018 files, no impossibilities.
# C:\Users\adamc\AppData\Local\Programs\Python\Python310\ (key C:/Users/adamc/AppData/Local/Programs/Pyth 
on/Python310/, mtime 1658823419): 18 files, no impossibilities.
# C:\Users\adamc\AppData\Local\Programs\Python\Python310\Scripts\ (key C:/Users/adamc/AppData/Local/Programs/Python/Python310/Scripts/, mtime 1661462645): 10 files, no impossibilities.
# C:\Program Files\NVIDIA Corporation\NVIDIA NvDLISR (key C:/Program Files/NVIDIA Corporation/NVIDIA NvDLISR, mtime 1658323513): 5 files, no impossibilities.
# C:\Program Files (x86)\GnuWin32\bin (key C:/Program Files (x86)/GnuWin32/bin, mtime 1661107557): 5 file 
s, no impossibilities.

# 4320 files, no impossibilities in 26 directories.

# Implicit Rules

# No implicit rules.

# Files

# Not a target:
all:
#  Command-line target.
#  Implicit rule search has been done.
#  File does not exist.
#  File has not been updated.
# variable set hash-table stats:
# Load=0/32=0%, Rehash=0, Collisions=0/0=0%

local: build
#  Implicit rule search has not been done.
#  Modification time never checked.
#  File has not been updated.
#  commands to execute (from `makefile', line 13 
):
	qemu-system-x86_64 -monitor stdio -nographic \
	-nic user,ipv6=off,model=virtio-net-pci,tftp=bootloader/build,bootfile=stage0.bin -m 64 \
	-serial telnet:localhost:4321,server,nowait
	

# Not a target:
.DEFAULT:
#  Implicit rule search has not been done.
#  Modification time never checked.
#  File has not been updated.

# Not a target:
makefile:
#  Implicit rule search has been done.
#  Last modified 2022-08-25 19:35:25
#  File has been updated.
#  Successfully updated.
# variable set hash-table stats:
 
# Load=0/32=0%, Rehash=0, Collisions=0/0=0%

build:
#  Implicit rule search has not been done.
#  Modification time never checked.
#  File has not been updated.
#  commands to execute (from `makefile', line 4):
	cargo run
	

tap: build
#  Implicit rule search has not been done.
#  Modification time never checked.
#  File has not been updated.
#  commands to execute (from `makefile', line 7):
	qemu-system-x86_64 -monitor stdio -nographic \
	-netdev tap,id=mynet0,ifname=mytap \
	-device e1000,netdev=mynet0,bo 
otindex=0 -m 64 \
	-serial telnet:localhost:4321,server,nowait
	

default: local
#  Implicit rule search has not been done.
#  Modification time never checked.
#  File has not been updated.

# Not a target:
.SUFFIXES:
#  Implicit rule search has not been done.
#  Modification time never checked.
#  File has not been updated.

# files hash-table stats:
# Load=8/1024=1%, Rehash=0, Collisions=0/22=0%
# VPATH Search Paths

# No `vpath' search paths.

# No general (`VPATH' variable) search path.

# # of strings  
make.exe: *** No rule to make target `all'.  Stop.

in strcache: 1
# # of strcache buffers: 1
# strcache size: total = 4096 / max = 4096 / min = 4096 / avg = 4096
# strcache free: total = 4087 / max = 4087 / min = 4087 / avg = 4087

# Finished Make data base on Thu Aug 25 23:47:33 2022

 
